Line 564: Class MSComctlLib.ListView of control lvMonsterDetail was not a loaded control class.
Line 585: Class MSComctlLib.ListView of control lvMonsters was not a loaded control class.
Line 921: Class MSComctlLib.ListView of control lvWeaponLoc was not a loaded control class.
Line 942: Class MSComctlLib.ListView of control lvWeapons was not a loaded control class.
Line 10055: Class MSComctlLib.ListView of control lvMapLoc was not a loaded control class.
Line 10812: Class MSComctlLib.ListView of control lvShops was not a loaded control class.
Line 10835: Class MSComctlLib.ListView of control lvShopDetail was not a loaded control class.
Line 10858: Class MSComctlLib.ListView of control lvShopLoc was not a loaded control class.
Line 10950: Class MSComctlLib.ListView of control lvOtherItems was not a loaded control class.
Line 10992: Class MSComctlLib.ListView of control lvOtherItemLoc was not a loaded control class.
Line 11089: Class MSComctlLib.ListView of control lvClasses was not a loaded control class.
Line 11121: Class MSComctlLib.ListView of control lvRaces was not a loaded control class.
Line 12864: Class MSComctlLib.ListView of control lvWeaponCompare was not a loaded control class.
Line 12907: Class MSComctlLib.ListView of control lvWeaponCompareLoc was not a loaded control class.
Line 12947: Class MSComctlLib.ListView of control lvSpellCompare was not a loaded control class.
Line 12990: Class MSComctlLib.ListView of control lvSpellCompareLoc was not a loaded control class.
Line 13030: Class MSComctlLib.ListView of control lvArmourCompare was not a loaded control class.
Line 13073: Class MSComctlLib.ListView of control lvArmourCompareLoc was not a loaded control class.
Line 13113: Class MSComctlLib.ListView of control lvMonsterCompare was not a loaded control class.
Line 13137: Class MSComctlLib.ListView of control lvMonsterCompareLoc was not a loaded control class.
Line 13204: Class MSComctlLib.ListView of control lvSpells was not a loaded control class.
Line 13247: Class MSComctlLib.ListView of control lvSpellLoc was not a loaded control class.
Line 13631: Class MSComctlLib.ListView of control lvArmourLoc was not a loaded control class.
Line 13653: Class MSComctlLib.ListView of control lvArmour was not a loaded control class.
